2020-07-11 16:59:42,493:    GPU Available: []
2020-07-11 16:59:42,493:    Hyper: latent_norm_n: 0
2020-07-11 16:59:42,493:    Hyper: num_of_norm_param: 0
2020-07-11 16:59:42,493:    Hyper: num_of_norm_var: 0
2020-07-11 16:59:42,493:    Hyper: sample_size_testing: 1
2020-07-11 16:59:42,493:    Hyper: dtype: <dtype: 'float32'>
2020-07-11 16:59:42,493:    Hyper: sample_size: 1
2020-07-11 16:59:42,493:    Hyper: check_every: 1
2020-07-11 16:59:42,493:    Hyper: epochs: 3
2020-07-11 16:59:42,493:    Hyper: learning_rate: 0.00030000000000000003
2020-07-11 16:59:42,493:    Hyper: batch_n: 100
2020-07-11 16:59:42,493:    Hyper: num_of_discrete_var: 20
2020-07-11 16:59:42,493:    Hyper: sample_from_disc_kl: True
2020-07-11 16:59:42,493:    Hyper: stick_the_landing: True
2020-07-11 16:59:42,493:    Hyper: test_with_one_hot: True
2020-07-11 16:59:42,493:    Hyper: sample_from_cont_kl: True
2020-07-11 16:59:42,493:    Hyper: model_type: IGR_I_Dis
2020-07-11 16:59:42,494:    Hyper: n_required: 9
2020-07-11 16:59:42,494:    Hyper: prior_file: ./Results/mu_xi_unif_10_IGR_I.pkl
2020-07-11 16:59:42,494:    Hyper: latent_discrete_n: 10
2020-07-11 16:59:42,494:    Hyper: num_of_discrete_param: 2
2020-07-11 16:59:42,494:    Hyper: dataset_name: omniglot
2020-07-11 16:59:42,494:    Hyper: architecture: dense
2020-07-11 16:59:42,494:    Hyper: temp: 0.15
2020-07-11 16:59:42,494:    Hyper: seed: 9335
2020-07-11 16:59:42,494:    Hyper: image_shape: (28, 28, 1)
2020-07-11 16:59:42,494:    Hyper: iter_per_epoch: 244
2020-07-11 16:59:51,618:    Epoch    1 || TeELBO -3.05160e+02 || TeELBOC -2.82739e+02 || N  9 || TrL 4.19914e+02 ||  5.7 sec || i:    244 || 
2020-07-11 16:59:54,143:    Epoch    2 || TeELBO -2.38915e+02 || TeELBOC -2.21838e+02 || N  9 || TrL 2.60342e+02 ||  1.3 sec || i:    488 || 
2020-07-11 16:59:56,596:    Epoch    3 || TeELBO -2.16028e+02 || TeELBOC -2.03225e+02 || N  9 || TrL 2.21582e+02 ||  1.3 sec || i:    732 || 
2020-07-11 16:59:56,596:    Total training time  13.8 secs
2020-07-11 16:59:56,596:    Final temp  0.15000
